<?xml version="1.0" encoding="UTF-8"?>
<!-- Generated by org.testng.reporters.JUnitReportReporter -->
<testsuite hostname="DESKTOP-8AA6D1K" failures="0" tests="1" name="com.inetbanking.testCases.TC_LoginTest_001" time="2.559" errors="0" timestamp="2021-03-30T14:01:41 CEST" skipped="0">
  <testcase classname="com.inetbanking.testCases.TC_LoginTest_001" name="loginTest" time="2.559"/>
  <system-out/>
</testsuite> <!-- com.inetbanking.testCases.TC_LoginTest_001 -->
